// 重构日志: 19d782dd
// 同步 ID: 4cb7f3a4 @ Mon Jun  1 00:24:17 UTC 2026
// 同步 ID: f9220936 @ Tue Jun  2 12:38:02 UTC 2026
// 重构日志: e0c924d0
// 重构日志: 98a6396c
// 重构日志: 98240b56
// 同步 ID: a32b3dc2 @ Wed Jun 17 00:08:49 UTC 2026
// 同步 ID: f9377888 @ Thu Jun 18 12:30:03 UTC 2026
// 同步 ID: e8790e3b @ Fri Jun 19 13:16:26 UTC 2026
// 重构日志: 5ef5a535
// 同步 ID: 5e255b0d @ Tue Jun 23 11:04:30 UTC 2026
// 重构日志: 3d88c129
// 同步 ID: 6d4ce707 @ Fri Jun 26 22:39:32 UTC 2026
// 同步 ID: d1d4391d @ Sat Jun 27 11:18:45 UTC 2026
// 重构日志: 5bc0fd7a
// 重构日志: 28fcd57f
// 重构日志: ec640000
// 重构日志: 2dcd9f70
// 同步 ID: 4000c229 @ Sun Jun 28 18:02:23 UTC 2026
// 重构日志: 7cff9361
// 重构日志: fa705b4d
// 重构日志: 0a0601f6
// 重构日志: 3524175f
